[0.077s] DEBUG:colcon:Command line arguments: ['/usr/bin/colcon', 'build']
[0.077s] DEBUG:colcon:Parsed command line arguments: Namespace(ament_cmake_args=None, base_paths=['.'], build_base='build', catkin_cmake_args=None, catkin_skip_building_tests=False, cmake_args=None, cmake_clean_cache=False, cmake_clean_first=False, cmake_force_configure=False, cmake_target=None, cmake_target_skip_unavailable=False, continue_on_error=False, event_handlers=None, executor='sequential', install_base='install', log_base=None, log_level=None, main=<bound method BuildVerb.main of <colcon_core.verb.build.BuildVerb object at 0x7fa645786fd0>>, merge_install=False, paths=None, symlink_install=False, test_result_base=None, verb_extension=<colcon_core.verb.build.BuildVerb object at 0x7fa645786fd0>, verb_name='build', verb_parser=CustomArgumentParser(prog='colcon build', usage=None, description='Build a set of packages.', formatter_class=<class 'colcon_core.command.CustomFormatter'>, conflict_handler='error', add_help=True))
[0.099s] Level 1:colcon.colcon_core.package_discovery:discover_packages(recursive) check parameters
[0.099s] Level 1:colcon.colcon_core.package_discovery:discover_packages(path) check parameters
[0.100s] Level 1:colcon.colcon_core.package_discovery:discover_packages(recursive) discover
[0.100s] INFO:colcon.colcon_core.package_discovery:Crawling recursively for packages in '/home/gfox/ros_repos/ros2_service'
[0.100s] Level 1:colcon.colcon_core.package_identification:_identify(.) by extensions ['ignore', 'ignore_ament_install']
[0.100s] Level 1:colcon.colcon_core.package_identification:_identify(.) by extension 'ignore'
[0.100s] Level 1:colcon.colcon_core.package_identification:_identify(.) by extension 'ignore_ament_install'
[0.100s] Level 1:colcon.colcon_core.package_identification:_identify(.) by extensions ['ros']
[0.100s] Level 1:colcon.colcon_core.package_identification:_identify(.) by extension 'ros'
[0.110s] Level 1:colcon.colcon_core.package_identification:_identify(.) by extensions ['cmake', 'python']
[0.111s] Level 1:colcon.colcon_core.package_identification:_identify(.) by extension 'cmake'
[0.111s] Level 1:colcon.colcon_core.package_identification:_identify(.) by extension 'python'
[0.111s] Level 1:colcon.colcon_core.package_identification:_identify(.) by extensions ['python_setup_py']
[0.111s] Level 1:colcon.colcon_core.package_identification:_identify(.) by extension 'python_setup_py'
[0.111s] Level 1:colcon.colcon_core.package_identification:_identify(build) by extensions ['ignore', 'ignore_ament_install']
[0.111s] Level 1:colcon.colcon_core.package_identification:_identify(build) by extension 'ignore'
[0.111s] Level 1:colcon.colcon_core.package_identification:_identify(build) ignored
[0.111s] Level 1:colcon.colcon_core.package_identification:_identify(install) by extensions ['ignore', 'ignore_ament_install']
[0.111s] Level 1:colcon.colcon_core.package_identification:_identify(install) by extension 'ignore'
[0.111s] Level 1:colcon.colcon_core.package_identification:_identify(install) ignored
[0.112s] Level 1:colcon.colcon_core.package_identification:_identify(log) by extensions ['ignore', 'ignore_ament_install']
[0.112s] Level 1:colcon.colcon_core.package_identification:_identify(log) by extension 'ignore'
[0.112s] Level 1:colcon.colcon_core.package_identification:_identify(log) ignored
[0.112s] Level 1:colcon.colcon_core.package_identification:_identify(src) by extensions ['ignore', 'ignore_ament_install']
[0.112s] Level 1:colcon.colcon_core.package_identification:_identify(src) by extension 'ignore'
[0.112s] Level 1:colcon.colcon_core.package_identification:_identify(src) by extension 'ignore_ament_install'
[0.112s] Level 1:colcon.colcon_core.package_identification:_identify(src) by extensions ['ros']
[0.112s] Level 1:colcon.colcon_core.package_identification:_identify(src) by extension 'ros'
[0.112s] Level 1:colcon.colcon_core.package_identification:_identify(src) by extensions ['cmake', 'python']
[0.112s] Level 1:colcon.colcon_core.package_identification:_identify(src) by extension 'cmake'
[0.112s] Level 1:colcon.colcon_core.package_identification:_identify(src) by extension 'python'
[0.112s] Level 1:colcon.colcon_core.package_identification:_identify(src) by extensions ['python_setup_py']
[0.112s] Level 1:colcon.colcon_core.package_identification:_identify(src) by extension 'python_setup_py'
[0.113s] Level 1:colcon.colcon_core.package_identification:_identify(src/ros2_service) by extensions ['ignore', 'ignore_ament_install']
[0.113s] Level 1:colcon.colcon_core.package_identification:_identify(src/ros2_service) by extension 'ignore'
[0.113s] Level 1:colcon.colcon_core.package_identification:_identify(src/ros2_service) by extension 'ignore_ament_install'
[0.113s] Level 1:colcon.colcon_core.package_identification:_identify(src/ros2_service) by extensions ['ros']
[0.113s] Level 1:colcon.colcon_core.package_identification:_identify(src/ros2_service) by extension 'ros'
[0.117s] DEBUG:colcon.colcon_core.package_identification:Package 'src/ros2_service' with type 'ros.ament_cmake' and name 'ros2_service'
[0.117s] Level 1:colcon.colcon_core.package_discovery:discover_packages(recursive) using defaults
[0.117s] Level 1:colcon.colcon_core.package_discovery:discover_packages(path) discover
[0.117s] Level 1:colcon.colcon_core.package_discovery:discover_packages(path) using defaults
[0.121s] Level 5:colcon.colcon_core.verb:set package 'ros2_service' build argument 'cmake_args' from command line to 'None'
[0.121s] Level 5:colcon.colcon_core.verb:set package 'ros2_service' build argument 'cmake_target' from command line to 'None'
[0.121s] Level 5:colcon.colcon_core.verb:set package 'ros2_service' build argument 'cmake_target_skip_unavailable' from command line to 'False'
[0.121s] Level 5:colcon.colcon_core.verb:set package 'ros2_service' build argument 'cmake_clean_cache' from command line to 'False'
[0.122s] Level 5:colcon.colcon_core.verb:set package 'ros2_service' build argument 'cmake_clean_first' from command line to 'False'
[0.122s] Level 5:colcon.colcon_core.verb:set package 'ros2_service' build argument 'cmake_force_configure' from command line to 'False'
[0.122s] Level 5:colcon.colcon_core.verb:set package 'ros2_service' build argument 'ament_cmake_args' from command line to 'None'
[0.122s] Level 5:colcon.colcon_core.verb:set package 'ros2_service' build argument 'catkin_cmake_args' from command line to 'None'
[0.122s] Level 5:colcon.colcon_core.verb:set package 'ros2_service' build argument 'catkin_skip_building_tests' from command line to 'False'
[0.122s] DEBUG:colcon.colcon_core.verb:Building package 'ros2_service' with the following arguments: {'ament_cmake_args': None, 'build_base': '/home/gfox/ros_repos/ros2_service/build/ros2_service', 'catkin_cmake_args': None, 'catkin_skip_building_tests': False, 'cmake_args': None, 'cmake_clean_cache': False, 'cmake_clean_first': False, 'cmake_force_configure': False, 'cmake_target': None, 'cmake_target_skip_unavailable': False, 'install_base': '/home/gfox/ros_repos/ros2_service/install/ros2_service', 'merge_install': False, 'path': '/home/gfox/ros_repos/ros2_service/src/ros2_service', 'symlink_install': False, 'test_result_base': None}
[0.122s] INFO:colcon.colcon_core.executor:Executing jobs using 'sequential' executor
[0.123s] DEBUG:colcon.colcon_core.executor.sequential:run_until_complete 'ros2_service'
[0.123s] INFO:colcon.colcon_ros.task.ament_cmake.build:Building ROS package in '/home/gfox/ros_repos/ros2_service/src/ros2_service' with build type 'ament_cmake'
[0.127s] INFO:colcon.colcon_core.plugin_system:Skipping extension 'colcon_core.shell.bat': Not used on non-Windows systems
[0.127s] INFO:colcon.colcon_cmake.task.cmake.build:Building CMake package in '/home/gfox/ros_repos/ros2_service/src/ros2_service'
[0.127s] DEBUG:colcon.colcon_core.shell:Skip shell extension 'dsv' for command environment
[0.130s] DEBUG:colcon.colcon_core.shell:Ignoring prefix path '/opt/ros/dashing'
[0.136s] DEBUG:colcon.colcon_core.event_handler.log_command:Invoking command in '/home/gfox/ros_repos/ros2_service/build/ros2_service': CMAKE_PREFIX_PATH=${CMAKE_PREFIX_PATH}:/opt/ros/dashing /usr/bin/cmake /home/gfox/ros_repos/ros2_service/src/ros2_service -DCMAKE_INSTALL_PREFIX=/home/gfox/ros_repos/ros2_service/install/ros2_service
[1.491s] DEBUG:colcon.colcon_core.event_handler.log_command:Invoked command in '/home/gfox/ros_repos/ros2_service/build/ros2_service' returned '0': CMAKE_PREFIX_PATH=${CMAKE_PREFIX_PATH}:/opt/ros/dashing /usr/bin/cmake /home/gfox/ros_repos/ros2_service/src/ros2_service -DCMAKE_INSTALL_PREFIX=/home/gfox/ros_repos/ros2_service/install/ros2_service
[1.494s] DEBUG:colcon.colcon_core.event_handler.log_command:Invoking command in '/home/gfox/ros_repos/ros2_service/build/ros2_service': CMAKE_PREFIX_PATH=${CMAKE_PREFIX_PATH}:/opt/ros/dashing /usr/bin/cmake --build /home/gfox/ros_repos/ros2_service/build/ros2_service -- -j8 -l8
[1.531s] DEBUG:colcon.colcon_core.event_handler.log_command:Invoked command in '/home/gfox/ros_repos/ros2_service/build/ros2_service' returned '0': CMAKE_PREFIX_PATH=${CMAKE_PREFIX_PATH}:/opt/ros/dashing /usr/bin/cmake --build /home/gfox/ros_repos/ros2_service/build/ros2_service -- -j8 -l8
[1.567s] DEBUG:colcon.colcon_core.event_handler.log_command:Invoking command in '/home/gfox/ros_repos/ros2_service/build/ros2_service': CMAKE_PREFIX_PATH=${CMAKE_PREFIX_PATH}:/opt/ros/dashing /usr/bin/cmake --build /home/gfox/ros_repos/ros2_service/build/ros2_service --target install -- -j8 -l8
[1.632s] Level 1:colcon.colcon_core.environment:create_environment_scripts_only(ros2_service)
[1.632s] DEBUG:colcon.colcon_core.event_handler.log_command:Invoked command in '/home/gfox/ros_repos/ros2_service/build/ros2_service' returned '0': CMAKE_PREFIX_PATH=${CMAKE_PREFIX_PATH}:/opt/ros/dashing /usr/bin/cmake --build /home/gfox/ros_repos/ros2_service/build/ros2_service --target install -- -j8 -l8
[1.637s] Level 1:colcon.colcon_core.environment:checking '/home/gfox/ros_repos/ros2_service/install/ros2_service' for CMake module files
[1.638s] Level 1:colcon.colcon_core.environment:checking '/home/gfox/ros_repos/ros2_service/install/ros2_service' for CMake config files
[1.638s] Level 1:colcon.colcon_core.shell:create_environment_hook('ros2_service', 'cmake_prefix_path')
[1.639s] INFO:colcon.colcon_core.shell:Creating environment descriptor '/home/gfox/ros_repos/ros2_service/install/ros2_service/share/ros2_service/hook/cmake_prefix_path.dsv'
[1.640s] INFO:colcon.colcon_core.shell:Creating environment hook '/home/gfox/ros_repos/ros2_service/install/ros2_service/share/ros2_service/hook/cmake_prefix_path.sh'
[1.641s] Level 1:colcon.colcon_core.environment:checking '/home/gfox/ros_repos/ros2_service/install/ros2_service/bin'
[1.641s] Level 1:colcon.colcon_core.environment:checking '/home/gfox/ros_repos/ros2_service/install/ros2_service/lib/pkgconfig/ros2_service.pc'
[1.641s] Level 1:colcon.colcon_core.environment:checking '/home/gfox/ros_repos/ros2_service/install/ros2_service/lib/python3.6/site-packages'
[1.642s] INFO:colcon.colcon_core.shell:Creating package descriptor '/home/gfox/ros_repos/ros2_service/install/ros2_service/share/ros2_service/package.dsv'
[1.643s] INFO:colcon.colcon_core.shell:Creating package script '/home/gfox/ros_repos/ros2_service/install/ros2_service/share/ros2_service/package.sh'
[1.644s] Level 1:colcon.colcon_core.environment:create_file_with_runtime_dependencies(/home/gfox/ros_repos/ros2_service/install/ros2_service/share/colcon-core/packages/ros2_service)
[1.644s] DEBUG:colcon.colcon_core.executor.sequential:run_until_complete 'ros2_service' finished with '0'
[1.644s] DEBUG:colcon.colcon_core.executor.sequential:closing loop
[1.644s] DEBUG:colcon.colcon_core.executor.sequential:loop closed
[1.645s] DEBUG:colcon.colcon_core.event_reactor:joining thread
[1.645s] DEBUG:colcon.colcon_core.event_reactor:joined thread
[1.645s] INFO:colcon.colcon_core.shell:Creating prefix script '/home/gfox/ros_repos/ros2_service/install/local_setup.sh'
[1.646s] INFO:colcon.colcon_core.shell:Creating prefix util module '/home/gfox/ros_repos/ros2_service/install/_local_setup_util_sh.py'
[1.647s] INFO:colcon.colcon_core.shell:Creating prefix chain script '/home/gfox/ros_repos/ros2_service/install/setup.sh'
